[debug] [2022-08-14T19:09:59.100Z] ----------------------------------------------------------------------
[debug] [2022-08-14T19:09:59.101Z] Command:       /home/josh/.nvm/versions/node/v18.0.0/bin/node /home/josh/.nvm/versions/node/v18.0.0/bin/firebase deploy --only functions
[debug] [2022-08-14T19:09:59.101Z] CLI Version:   11.6.0
[debug] [2022-08-14T19:09:59.101Z] Platform:      linux
[debug] [2022-08-14T19:09:59.101Z] Node Version:  v18.0.0
[debug] [2022-08-14T19:09:59.102Z] Time:          Sun Aug 14 2022 12:09:59 GMT-0700 (Pacific Daylight Time)
[debug] [2022-08-14T19:09:59.102Z] ----------------------------------------------------------------------
[debug] 
[debug] [2022-08-14T19:09:59.143Z] > command requires scopes: ["email","openid","https://www.googleapis.com/auth/cloudplatformprojects.readonly","https://www.googleapis.com/auth/firebase","https://www.googleapis.com/auth/cloud-platform"]
[debug] [2022-08-14T19:09:59.144Z] > authorizing via signed-in user (joshua.brock.hicks@gmail.com)
[debug] [2022-08-14T19:09:59.144Z] [iam] checking project my-web-site-27a15 for permissions ["cloudfunctions.functions.create","cloudfunctions.functions.delete","cloudfunctions.functions.get","cloudfunctions.functions.list","cloudfunctions.functions.update","cloudfunctions.operations.get","firebase.projects.get"]
[debug] [2022-08-14T19:09:59.145Z] >>> [apiv2][query] POST https://cloudresourcemanager.googleapis.com/v1/projects/my-web-site-27a15:testIamPermissions [none]
[debug] [2022-08-14T19:09:59.145Z] >>> [apiv2][(partial)header] POST https://cloudresourcemanager.googleapis.com/v1/projects/my-web-site-27a15:testIamPermissions x-goog-quota-user=projects/my-web-site-27a15
[debug] [2022-08-14T19:09:59.146Z] >>> [apiv2][body] POST https://cloudresourcemanager.googleapis.com/v1/projects/my-web-site-27a15:testIamPermissions {"permissions":["cloudfunctions.functions.create","cloudfunctions.functions.delete","cloudfunctions.functions.get","cloudfunctions.functions.list","cloudfunctions.functions.update","cloudfunctions.operations.get","firebase.projects.get"]}
[debug] [2022-08-14T19:09:59.472Z] <<< [apiv2][status] POST https://cloudresourcemanager.googleapis.com/v1/projects/my-web-site-27a15:testIamPermissions 200
[debug] [2022-08-14T19:09:59.472Z] <<< [apiv2][body] POST https://cloudresourcemanager.googleapis.com/v1/projects/my-web-site-27a15:testIamPermissions {"permissions":["cloudfunctions.functions.create","cloudfunctions.functions.delete","cloudfunctions.functions.get","cloudfunctions.functions.list","cloudfunctions.functions.update","cloudfunctions.operations.get","firebase.projects.get"]}
[debug] [2022-08-14T19:09:59.472Z] >>> [apiv2][query] POST https://iam.googleapis.com/v1/projects/my-web-site-27a15/serviceAccounts/my-web-site-27a15@appspot.gserviceaccount.com:testIamPermissions [none]
[debug] [2022-08-14T19:09:59.473Z] >>> [apiv2][body] POST https://iam.googleapis.com/v1/projects/my-web-site-27a15/serviceAccounts/my-web-site-27a15@appspot.gserviceaccount.com:testIamPermissions {"permissions":["iam.serviceAccounts.actAs"]}
[debug] [2022-08-14T19:09:59.727Z] <<< [apiv2][status] POST https://iam.googleapis.com/v1/projects/my-web-site-27a15/serviceAccounts/my-web-site-27a15@appspot.gserviceaccount.com:testIamPermissions 200
[debug] [2022-08-14T19:09:59.727Z] <<< [apiv2][body] POST https://iam.googleapis.com/v1/projects/my-web-site-27a15/serviceAccounts/my-web-site-27a15@appspot.gserviceaccount.com:testIamPermissions {"permissions":["iam.serviceAccounts.actAs"]}
[info] 
[info] === Deploying to 'my-web-site-27a15'...
[info] 
[info] i  deploying functions 
[info] Running command: npm --prefix "$RESOURCE_DIR" run lint
[info] Running command: npm --prefix "$RESOURCE_DIR" run build
[info] ✔  functions: Finished running predeploy script. 
[debug] [2022-08-14T19:10:04.525Z] >>> [apiv2][query] GET https://firebase.googleapis.com/v1beta1/projects/my-web-site-27a15 [none]
[debug] [2022-08-14T19:10:04.859Z] <<< [apiv2][status] GET https://firebase.googleapis.com/v1beta1/projects/my-web-site-27a15 200
[debug] [2022-08-14T19:10:04.859Z] <<< [apiv2][body] GET https://firebase.googleapis.com/v1beta1/projects/my-web-site-27a15 {"projectId":"my-web-site-27a15","projectNumber":"457664227137","displayName":"my-web-site","name":"projects/my-web-site-27a15","resources":{"hostingSite":"my-web-site-27a15","storageBucket":"my-web-site-27a15.appspot.com","locationId":"us-central"},"state":"ACTIVE","etag":"1_2eb2dc6f-ce76-423c-a13d-25ceb889a01e"}
[info] i  functions: ensuring required API cloudfunctions.googleapis.com is enabled... 
[info] i  functions: ensuring required API cloudbuild.googleapis.com is enabled... 
[info] i  artifactregistry: ensuring required API artifactregistry.googleapis.com is enabled... 
[debug] [2022-08-14T19:10:04.860Z] >>> [apiv2][query] GET https://serviceusage.googleapis.com/v1/projects/my-web-site-27a15/services/cloudfunctions.googleapis.com [none]
[debug] [2022-08-14T19:10:04.862Z] >>> [apiv2][query] GET https://serviceusage.googleapis.com/v1/projects/my-web-site-27a15/services/runtimeconfig.googleapis.com [none]
[debug] [2022-08-14T19:10:04.863Z] >>> [apiv2][query] GET https://serviceusage.googleapis.com/v1/projects/my-web-site-27a15/services/cloudbuild.googleapis.com [none]
[debug] [2022-08-14T19:10:04.864Z] >>> [apiv2][query] GET https://serviceusage.googleapis.com/v1/projects/my-web-site-27a15/services/artifactregistry.googleapis.com [none]
[debug] [2022-08-14T19:10:05.355Z] <<< [apiv2][status] GET https://serviceusage.googleapis.com/v1/projects/my-web-site-27a15/services/cloudfunctions.googleapis.com 200
[debug] [2022-08-14T19:10:05.355Z] <<< [apiv2][body] GET https://serviceusage.googleapis.com/v1/projects/my-web-site-27a15/services/cloudfunctions.googleapis.com [omitted]
[info] ✔  functions: required API cloudfunctions.googleapis.com is enabled 
[debug] [2022-08-14T19:10:05.371Z] <<< [apiv2][status] GET https://serviceusage.googleapis.com/v1/projects/my-web-site-27a15/services/cloudbuild.googleapis.com 200
[debug] [2022-08-14T19:10:05.372Z] <<< [apiv2][body] GET https://serviceusage.googleapis.com/v1/projects/my-web-site-27a15/services/cloudbuild.googleapis.com [omitted]
[info] ✔  functions: required API cloudbuild.googleapis.com is enabled 
[debug] [2022-08-14T19:10:05.376Z] <<< [apiv2][status] GET https://serviceusage.googleapis.com/v1/projects/my-web-site-27a15/services/runtimeconfig.googleapis.com 200
[debug] [2022-08-14T19:10:05.376Z] <<< [apiv2][body] GET https://serviceusage.googleapis.com/v1/projects/my-web-site-27a15/services/runtimeconfig.googleapis.com [omitted]
[debug] [2022-08-14T19:10:05.391Z] <<< [apiv2][status] GET https://serviceusage.googleapis.com/v1/projects/my-web-site-27a15/services/artifactregistry.googleapis.com 200
[debug] [2022-08-14T19:10:05.391Z] <<< [apiv2][body] GET https://serviceusage.googleapis.com/v1/projects/my-web-site-27a15/services/artifactregistry.googleapis.com [omitted]
[info] ✔  artifactregistry: required API artifactregistry.googleapis.com is enabled 
[debug] [2022-08-14T19:10:05.391Z] >>> [apiv2][query] GET https://firebase.googleapis.com/v1beta1/projects/my-web-site-27a15/adminSdkConfig [none]
[debug] [2022-08-14T19:10:05.732Z] <<< [apiv2][status] GET https://firebase.googleapis.com/v1beta1/projects/my-web-site-27a15/adminSdkConfig 200
[debug] [2022-08-14T19:10:05.732Z] <<< [apiv2][body] GET https://firebase.googleapis.com/v1beta1/projects/my-web-site-27a15/adminSdkConfig {"projectId":"my-web-site-27a15","storageBucket":"my-web-site-27a15.appspot.com","locationId":"us-central"}
[debug] [2022-08-14T19:10:05.733Z] >>> [apiv2][query] GET https://runtimeconfig.googleapis.com/v1beta1/projects/my-web-site-27a15/configs [none]
[debug] [2022-08-14T19:10:05.985Z] <<< [apiv2][status] GET https://runtimeconfig.googleapis.com/v1beta1/projects/my-web-site-27a15/configs 200
[debug] [2022-08-14T19:10:05.986Z] <<< [apiv2][body] GET https://runtimeconfig.googleapis.com/v1beta1/projects/my-web-site-27a15/configs {}
[info] i  functions: preparing codebase default for deployment 
[debug] [2022-08-14T19:10:05.987Z] Validating nodejs source
[debug] [2022-08-14T19:10:07.955Z] > [functions] package.json contents: {
  "name": "functions",
  "scripts": {
    "lint": "eslint --ext .js,.ts .",
    "build": "tsc",
    "build:watch": "tsc --watch",
    "serve": "npm run build && firebase emulators:start --only functions",
    "shell": "npm run build && firebase functions:shell",
    "start": "npm run shell",
    "deploy": "firebase deploy --only functions",
    "logs": "firebase functions:log"
  },
  "engines": {
    "node": "16"
  },
  "main": "lib/index.js",
  "dependencies": {
    "axios": "^0.27.2",
    "firebase-admin": "^10.0.2",
    "firebase-functions": "^3.18.0"
  },
  "devDependencies": {
    "@typescript-eslint/eslint-plugin": "^5.12.0",
    "@typescript-eslint/parser": "^5.12.0",
    "eslint": "^8.9.0",
    "eslint-config-google": "^0.14.0",
    "eslint-plugin-import": "^2.25.4",
    "firebase-functions-test": "^0.2.0",
    "typescript": "^4.5.4"
  },
  "private": true
}
[debug] [2022-08-14T19:10:07.955Z] Building nodejs source
[debug] [2022-08-14T19:10:07.957Z] Could not find functions.yaml. Must use http discovery
[debug] [2022-08-14T19:10:08.030Z] Serving at port 9005

[debug] [2022-08-14T19:10:08.067Z] Got response from /__/functions.yaml {"endpoints":{"getSCStream":{"platform":"gcfv1","httpsTrigger":{},"entryPoint":"getSCStream"}},"specVersion":"v1alpha1","requiredAPIs":[]}
[debug] [2022-08-14T19:10:08.071Z] shutdown requested via /__/quitquitquit

[info] i  functions: preparing functions directory for uploading... 
[info] i  functions: packaged /home/josh/my-web-site/functions (98.31 KB) for uploading 
[debug] [2022-08-14T19:10:08.101Z] >>> [apiv2][query] GET https://cloudfunctions.googleapis.com/v1/projects/my-web-site-27a15/locations/-/functions [none]
[debug] [2022-08-14T19:10:08.608Z] <<< [apiv2][status] GET https://cloudfunctions.googleapis.com/v1/projects/my-web-site-27a15/locations/-/functions 200
[debug] [2022-08-14T19:10:08.609Z] <<< [apiv2][body] GET https://cloudfunctions.googleapis.com/v1/projects/my-web-site-27a15/locations/-/functions {"functions":[{"name":"projects/my-web-site-27a15/locations/us-central1/functions/getSCStream","httpsTrigger":{"url":"https://us-central1-my-web-site-27a15.cloudfunctions.net/getSCStream","securityLevel":"SECURE_ALWAYS"},"status":"ACTIVE","entryPoint":"getSCStream","timeout":"60s","availableMemoryMb":256,"serviceAccountEmail":"my-web-site-27a15@appspot.gserviceaccount.com","updateTime":"2022-08-14T18:58:08.253Z","versionId":"8","labels":{"deployment-tool":"cli-firebase"},"sourceUploadUrl":"https://storage.googleapis.com/uploads-684746908629.us-central1.cloudfunctions.appspot.com/9dc918da-d9c0-4cbd-87af-659a1fd5d284.zip","environmentVariables":{"FIREBASE_CONFIG":"{\"projectId\":\"my-web-site-27a15\",\"storageBucket\":\"my-web-site-27a15.appspot.com\",\"locationId\":\"us-central\"}","GCLOUD_PROJECT":"my-web-site-27a15"},"runtime":"nodejs16","ingressSettings":"ALLOW_ALL","buildId":"2d0f3c8a-0414-443e-a57e-72937bfb0741","buildName":"projects/457664227137/locations/us-central1/builds/2d0f3c8a-0414-443e-a57e-72937bfb0741","dockerRegistry":"ARTIFACT_REGISTRY"}]}
[debug] [2022-08-14T19:10:08.609Z] >>> [apiv2][query] GET https://cloudfunctions.googleapis.com/v2alpha/projects/my-web-site-27a15/locations/-/functions [none]
[debug] [2022-08-14T19:10:09.276Z] <<< [apiv2][status] GET https://cloudfunctions.googleapis.com/v2alpha/projects/my-web-site-27a15/locations/-/functions 200
[debug] [2022-08-14T19:10:09.276Z] <<< [apiv2][body] GET https://cloudfunctions.googleapis.com/v2alpha/projects/my-web-site-27a15/locations/-/functions {}
[debug] [2022-08-14T19:10:09.278Z] >>> [apiv2][query] GET https://firebase.googleapis.com/v1beta1/projects/my-web-site-27a15 [none]
[debug] [2022-08-14T19:10:09.453Z] <<< [apiv2][status] GET https://firebase.googleapis.com/v1beta1/projects/my-web-site-27a15 200
[debug] [2022-08-14T19:10:09.454Z] <<< [apiv2][body] GET https://firebase.googleapis.com/v1beta1/projects/my-web-site-27a15 {"projectId":"my-web-site-27a15","projectNumber":"457664227137","displayName":"my-web-site","name":"projects/my-web-site-27a15","resources":{"hostingSite":"my-web-site-27a15","storageBucket":"my-web-site-27a15.appspot.com","locationId":"us-central"},"state":"ACTIVE","etag":"1_2eb2dc6f-ce76-423c-a13d-25ceb889a01e"}
[debug] [2022-08-14T19:10:09.454Z] >>> [apiv2][query] POST https://cloudfunctions.googleapis.com/v1/projects/my-web-site-27a15/locations/us-central1/functions:generateUploadUrl [none]
[debug] [2022-08-14T19:10:09.454Z] >>> [apiv2][body] POST https://cloudfunctions.googleapis.com/v1/projects/my-web-site-27a15/locations/us-central1/functions:generateUploadUrl {}
[debug] [2022-08-14T19:10:09.909Z] <<< [apiv2][status] POST https://cloudfunctions.googleapis.com/v1/projects/my-web-site-27a15/locations/us-central1/functions:generateUploadUrl 200
[debug] [2022-08-14T19:10:09.909Z] <<< [apiv2][body] POST https://cloudfunctions.googleapis.com/v1/projects/my-web-site-27a15/locations/us-central1/functions:generateUploadUrl {"uploadUrl":"https://storage.googleapis.com/uploads-684746908629.us-central1.cloudfunctions.appspot.com/278fdfff-df26-4735-936c-810c656feea4.zip?GoogleAccessId=service-457664227137@gcf-admin-robot.iam.gserviceaccount.com&Expires=1660506010&Signature=XuKf6Dh%2Bn4PdAYPO7spiQDC7Y5%2BQGdWT3UnXWSZ4V8Valn1TgO0TbvpynsKbTIrIPH5L75wJwU3NHOOLaFueu4P1W%2BNTkKmgF2wNI1hBDkRhCjNUzHUNagp49b6%2Bv8puf2DrQUEo8nz%2FrQs7oX7OVRXtNvIJA%2FNhhHqgWj%2FP25dAw2iRYsPZwATBeo7R69cOzw0gENsWXzIjClmSJtGH5mDLIGIKLzsy%2FuanZ0urLTN4T6aZbUzLb%2FBWLgr3X%2FSDu3tZiD5hQcBkgOx44dLQ%2FkvvdkRLWngtCIbMMJJJ7zDsnL3SYp%2F%2BcA4poPUzFoSIaTXPb%2FVUbrSZ5FcuhLyvQw%3D%3D"}
[debug] [2022-08-14T19:10:09.910Z] >>> [apiv2][query] PUT https://storage.googleapis.com/uploads-684746908629.us-central1.cloudfunctions.appspot.com/278fdfff-df26-4735-936c-810c656feea4.zip GoogleAccessId=service-457664227137%40gcf-admin-robot.iam.gserviceaccount.com&Expires=1660506010&Signature=XuKf6Dh%2Bn4PdAYPO7spiQDC7Y5%2BQGdWT3UnXWSZ4V8Valn1TgO0TbvpynsKbTIrIPH5L75wJwU3NHOOLaFueu4P1W%2BNTkKmgF2wNI1hBDkRhCjNUzHUNagp49b6%2Bv8puf2DrQUEo8nz%2FrQs7oX7OVRXtNvIJA%2FNhhHqgWj%2FP25dAw2iRYsPZwATBeo7R69cOzw0gENsWXzIjClmSJtGH5mDLIGIKLzsy%2FuanZ0urLTN4T6aZbUzLb%2FBWLgr3X%2FSDu3tZiD5hQcBkgOx44dLQ%2FkvvdkRLWngtCIbMMJJJ7zDsnL3SYp%2F%2BcA4poPUzFoSIaTXPb%2FVUbrSZ5FcuhLyvQw%3D%3D
[debug] [2022-08-14T19:10:09.910Z] >>> [apiv2][body] PUT https://storage.googleapis.com/uploads-684746908629.us-central1.cloudfunctions.appspot.com/278fdfff-df26-4735-936c-810c656feea4.zip [stream]
[debug] [2022-08-14T19:10:10.207Z] <<< [apiv2][status] PUT https://storage.googleapis.com/uploads-684746908629.us-central1.cloudfunctions.appspot.com/278fdfff-df26-4735-936c-810c656feea4.zip 200
[debug] [2022-08-14T19:10:10.207Z] <<< [apiv2][body] PUT https://storage.googleapis.com/uploads-684746908629.us-central1.cloudfunctions.appspot.com/278fdfff-df26-4735-936c-810c656feea4.zip [omitted]
[info] ✔  functions: functions folder uploaded successfully 
[info] i  functions: updating Node.js 16 function getSCStream(us-central1)... 
[debug] [2022-08-14T19:10:10.210Z] >>> [apiv2][query] PATCH https://cloudfunctions.googleapis.com/v1/projects/my-web-site-27a15/locations/us-central1/functions/getSCStream updateMask=name%2CsourceUploadUrl%2CentryPoint%2Cruntime%2CdockerRegistry%2Clabels%2ChttpsTrigger.securityLevel%2CenvironmentVariables%2CavailableMemoryMb%2CsourceToken
[debug] [2022-08-14T19:10:10.210Z] >>> [apiv2][body] PATCH https://cloudfunctions.googleapis.com/v1/projects/my-web-site-27a15/locations/us-central1/functions/getSCStream {"name":"projects/my-web-site-27a15/locations/us-central1/functions/getSCStream","sourceUploadUrl":"https://storage.googleapis.com/uploads-684746908629.us-central1.cloudfunctions.appspot.com/278fdfff-df26-4735-936c-810c656feea4.zip?GoogleAccessId=service-457664227137@gcf-admin-robot.iam.gserviceaccount.com&Expires=1660506010&Signature=XuKf6Dh%2Bn4PdAYPO7spiQDC7Y5%2BQGdWT3UnXWSZ4V8Valn1TgO0TbvpynsKbTIrIPH5L75wJwU3NHOOLaFueu4P1W%2BNTkKmgF2wNI1hBDkRhCjNUzHUNagp49b6%2Bv8puf2DrQUEo8nz%2FrQs7oX7OVRXtNvIJA%2FNhhHqgWj%2FP25dAw2iRYsPZwATBeo7R69cOzw0gENsWXzIjClmSJtGH5mDLIGIKLzsy%2FuanZ0urLTN4T6aZbUzLb%2FBWLgr3X%2FSDu3tZiD5hQcBkgOx44dLQ%2FkvvdkRLWngtCIbMMJJJ7zDsnL3SYp%2F%2BcA4poPUzFoSIaTXPb%2FVUbrSZ5FcuhLyvQw%3D%3D","entryPoint":"getSCStream","runtime":"nodejs16","dockerRegistry":"ARTIFACT_REGISTRY","labels":{"deployment-tool":"cli-firebase"},"httpsTrigger":{"securityLevel":"SECURE_ALWAYS"},"environmentVariables":{"FIREBASE_CONFIG":"{\"projectId\":\"my-web-site-27a15\",\"storageBucket\":\"my-web-site-27a15.appspot.com\",\"locationId\":\"us-central\"}","GCLOUD_PROJECT":"my-web-site-27a15"},"availableMemoryMb":256}
[debug] [2022-08-14T19:10:10.739Z] <<< [apiv2][status] PATCH https://cloudfunctions.googleapis.com/v1/projects/my-web-site-27a15/locations/us-central1/functions/getSCStream 200
[debug] [2022-08-14T19:10:10.740Z] <<< [apiv2][body] PATCH https://cloudfunctions.googleapis.com/v1/projects/my-web-site-27a15/locations/us-central1/functions/getSCStream {"name":"operations/bXktd2ViLXNpdGUtMjdhMTUvdXMtY2VudHJhbDEvZ2V0U0NTdHJlYW0vZXVRUHh5clJNVFE","metadata":{"@type":"type.googleapis.com/google.cloud.functions.v1.OperationMetadataV1","target":"projects/my-web-site-27a15/locations/us-central1/functions/getSCStream","type":"UPDATE_FUNCTION","request":{"@type":"type.googleapis.com/google.cloud.functions.v1.CloudFunction","name":"projects/my-web-site-27a15/locations/us-central1/functions/getSCStream","httpsTrigger":{"url":"https://us-central1-my-web-site-27a15.cloudfunctions.net/getSCStream","securityLevel":"SECURE_ALWAYS"},"status":"ACTIVE","entryPoint":"getSCStream","timeout":"60s","availableMemoryMb":256,"serviceAccountEmail":"my-web-site-27a15@appspot.gserviceaccount.com","updateTime":"2022-08-14T18:58:08.253Z","versionId":"8","labels":{"deployment-tool":"cli-firebase"},"sourceUploadUrl":"https://storage.googleapis.com/uploads-684746908629.us-central1.cloudfunctions.appspot.com/278fdfff-df26-4735-936c-810c656feea4.zip?GoogleAccessId=service-457664227137@gcf-admin-robot.iam.gserviceaccount.com&Expires=1660506010&Signature=XuKf6Dh%2Bn4PdAYPO7spiQDC7Y5%2BQGdWT3UnXWSZ4V8Valn1TgO0TbvpynsKbTIrIPH5L75wJwU3NHOOLaFueu4P1W%2BNTkKmgF2wNI1hBDkRhCjNUzHUNagp49b6%2Bv8puf2DrQUEo8nz%2FrQs7oX7OVRXtNvIJA%2FNhhHqgWj%2FP25dAw2iRYsPZwATBeo7R69cOzw0gENsWXzIjClmSJtGH5mDLIGIKLzsy%2FuanZ0urLTN4T6aZbUzLb%2FBWLgr3X%2FSDu3tZiD5hQcBkgOx44dLQ%2FkvvdkRLWngtCIbMMJJJ7zDsnL3SYp%2F%2BcA4poPUzFoSIaTXPb%2FVUbrSZ5FcuhLyvQw%3D%3D","environmentVariables":{"FIREBASE_CONFIG":"{\"projectId\":\"my-web-site-27a15\",\"storageBucket\":\"my-web-site-27a15.appspot.com\",\"locationId\":\"us-central\"}","GCLOUD_PROJECT":"my-web-site-27a15"},"runtime":"nodejs16","ingressSettings":"ALLOW_ALL","buildId":"2d0f3c8a-0414-443e-a57e-72937bfb0741","buildName":"projects/457664227137/locations/us-central1/builds/2d0f3c8a-0414-443e-a57e-72937bfb0741","dockerRegistry":"ARTIFACT_REGISTRY"},"versionId":"9","updateTime":"2022-08-14T19:10:11Z"}}
[debug] [2022-08-14T19:10:10.740Z] >>> [apiv2][query] GET https://cloudfunctions.googleapis.com/v1/operations/bXktd2ViLXNpdGUtMjdhMTUvdXMtY2VudHJhbDEvZ2V0U0NTdHJlYW0vZXVRUHh5clJNVFE [none]
[debug] [2022-08-14T19:10:10.929Z] <<< [apiv2][status] GET https://cloudfunctions.googleapis.com/v1/operations/bXktd2ViLXNpdGUtMjdhMTUvdXMtY2VudHJhbDEvZ2V0U0NTdHJlYW0vZXVRUHh5clJNVFE 200
[debug] [2022-08-14T19:10:10.930Z] <<< [apiv2][body] GET https://cloudfunctions.googleapis.com/v1/operations/bXktd2ViLXNpdGUtMjdhMTUvdXMtY2VudHJhbDEvZ2V0U0NTdHJlYW0vZXVRUHh5clJNVFE {"name":"operations/bXktd2ViLXNpdGUtMjdhMTUvdXMtY2VudHJhbDEvZ2V0U0NTdHJlYW0vZXVRUHh5clJNVFE","metadata":{"@type":"type.googleapis.com/google.cloud.functions.v1.OperationMetadataV1","target":"projects/my-web-site-27a15/locations/us-central1/functions/getSCStream","type":"UPDATE_FUNCTION","request":{"@type":"type.googleapis.com/google.cloud.functions.v1.CloudFunction","name":"projects/my-web-site-27a15/locations/us-central1/functions/getSCStream","httpsTrigger":{"url":"https://us-central1-my-web-site-27a15.cloudfunctions.net/getSCStream","securityLevel":"SECURE_ALWAYS"},"status":"ACTIVE","entryPoint":"getSCStream","timeout":"60s","availableMemoryMb":256,"serviceAccountEmail":"my-web-site-27a15@appspot.gserviceaccount.com","updateTime":"2022-08-14T18:58:08.253Z","versionId":"8","labels":{"deployment-tool":"cli-firebase"},"sourceUploadUrl":"https://storage.googleapis.com/uploads-684746908629.us-central1.cloudfunctions.appspot.com/278fdfff-df26-4735-936c-810c656feea4.zip?GoogleAccessId=service-457664227137@gcf-admin-robot.iam.gserviceaccount.com&Expires=1660506010&Signature=XuKf6Dh%2Bn4PdAYPO7spiQDC7Y5%2BQGdWT3UnXWSZ4V8Valn1TgO0TbvpynsKbTIrIPH5L75wJwU3NHOOLaFueu4P1W%2BNTkKmgF2wNI1hBDkRhCjNUzHUNagp49b6%2Bv8puf2DrQUEo8nz%2FrQs7oX7OVRXtNvIJA%2FNhhHqgWj%2FP25dAw2iRYsPZwATBeo7R69cOzw0gENsWXzIjClmSJtGH5mDLIGIKLzsy%2FuanZ0urLTN4T6aZbUzLb%2FBWLgr3X%2FSDu3tZiD5hQcBkgOx44dLQ%2FkvvdkRLWngtCIbMMJJJ7zDsnL3SYp%2F%2BcA4poPUzFoSIaTXPb%2FVUbrSZ5FcuhLyvQw%3D%3D","environmentVariables":{"FIREBASE_CONFIG":"{\"projectId\":\"my-web-site-27a15\",\"storageBucket\":\"my-web-site-27a15.appspot.com\",\"locationId\":\"us-central\"}","GCLOUD_PROJECT":"my-web-site-27a15"},"runtime":"nodejs16","ingressSettings":"ALLOW_ALL","buildId":"2d0f3c8a-0414-443e-a57e-72937bfb0741","buildName":"projects/457664227137/locations/us-central1/builds/2d0f3c8a-0414-443e-a57e-72937bfb0741","dockerRegistry":"ARTIFACT_REGISTRY"},"versionId":"9","updateTime":"2022-08-14T19:10:11Z"}}
[debug] [2022-08-14T19:10:11.431Z] [update-default-us-central1-getSCStream] Retrying task index 0
[debug] [2022-08-14T19:10:11.431Z] >>> [apiv2][query] GET https://cloudfunctions.googleapis.com/v1/operations/bXktd2ViLXNpdGUtMjdhMTUvdXMtY2VudHJhbDEvZ2V0U0NTdHJlYW0vZXVRUHh5clJNVFE [none]
[debug] [2022-08-14T19:10:11.624Z] <<< [apiv2][status] GET https://cloudfunctions.googleapis.com/v1/operations/bXktd2ViLXNpdGUtMjdhMTUvdXMtY2VudHJhbDEvZ2V0U0NTdHJlYW0vZXVRUHh5clJNVFE 200
[debug] [2022-08-14T19:10:11.625Z] <<< [apiv2][body] GET https://cloudfunctions.googleapis.com/v1/operations/bXktd2ViLXNpdGUtMjdhMTUvdXMtY2VudHJhbDEvZ2V0U0NTdHJlYW0vZXVRUHh5clJNVFE {"name":"operations/bXktd2ViLXNpdGUtMjdhMTUvdXMtY2VudHJhbDEvZ2V0U0NTdHJlYW0vZXVRUHh5clJNVFE","metadata":{"@type":"type.googleapis.com/google.cloud.functions.v1.OperationMetadataV1","target":"projects/my-web-site-27a15/locations/us-central1/functions/getSCStream","type":"UPDATE_FUNCTION","request":{"@type":"type.googleapis.com/google.cloud.functions.v1.CloudFunction","name":"projects/my-web-site-27a15/locations/us-central1/functions/getSCStream","httpsTrigger":{"url":"https://us-central1-my-web-site-27a15.cloudfunctions.net/getSCStream","securityLevel":"SECURE_ALWAYS"},"status":"ACTIVE","entryPoint":"getSCStream","timeout":"60s","availableMemoryMb":256,"serviceAccountEmail":"my-web-site-27a15@appspot.gserviceaccount.com","updateTime":"2022-08-14T18:58:08.253Z","versionId":"8","labels":{"deployment-tool":"cli-firebase"},"sourceUploadUrl":"https://storage.googleapis.com/uploads-684746908629.us-central1.cloudfunctions.appspot.com/278fdfff-df26-4735-936c-810c656feea4.zip?GoogleAccessId=service-457664227137@gcf-admin-robot.iam.gserviceaccount.com&Expires=1660506010&Signature=XuKf6Dh%2Bn4PdAYPO7spiQDC7Y5%2BQGdWT3UnXWSZ4V8Valn1TgO0TbvpynsKbTIrIPH5L75wJwU3NHOOLaFueu4P1W%2BNTkKmgF2wNI1hBDkRhCjNUzHUNagp49b6%2Bv8puf2DrQUEo8nz%2FrQs7oX7OVRXtNvIJA%2FNhhHqgWj%2FP25dAw2iRYsPZwATBeo7R69cOzw0gENsWXzIjClmSJtGH5mDLIGIKLzsy%2FuanZ0urLTN4T6aZbUzLb%2FBWLgr3X%2FSDu3tZiD5hQcBkgOx44dLQ%2FkvvdkRLWngtCIbMMJJJ7zDsnL3SYp%2F%2BcA4poPUzFoSIaTXPb%2FVUbrSZ5FcuhLyvQw%3D%3D","environmentVariables":{"FIREBASE_CONFIG":"{\"projectId\":\"my-web-site-27a15\",\"storageBucket\":\"my-web-site-27a15.appspot.com\",\"locationId\":\"us-central\"}","GCLOUD_PROJECT":"my-web-site-27a15"},"runtime":"nodejs16","ingressSettings":"ALLOW_ALL","buildId":"2d0f3c8a-0414-443e-a57e-72937bfb0741","buildName":"projects/457664227137/locations/us-central1/builds/2d0f3c8a-0414-443e-a57e-72937bfb0741","dockerRegistry":"ARTIFACT_REGISTRY"},"versionId":"9","updateTime":"2022-08-14T19:10:11Z","buildId":"fb78d4c5-2677-4766-82d4-d677c340d30f","buildName":"projects/457664227137/locations/us-central1/builds/fb78d4c5-2677-4766-82d4-d677c340d30f"}}
[debug] [2022-08-14T19:10:12.626Z] [update-default-us-central1-getSCStream] Retrying task index 0
[debug] [2022-08-14T19:10:12.626Z] >>> [apiv2][query] GET https://cloudfunctions.googleapis.com/v1/operations/bXktd2ViLXNpdGUtMjdhMTUvdXMtY2VudHJhbDEvZ2V0U0NTdHJlYW0vZXVRUHh5clJNVFE [none]
[debug] [2022-08-14T19:10:12.787Z] <<< [apiv2][status] GET https://cloudfunctions.googleapis.com/v1/operations/bXktd2ViLXNpdGUtMjdhMTUvdXMtY2VudHJhbDEvZ2V0U0NTdHJlYW0vZXVRUHh5clJNVFE 200
[debug] [2022-08-14T19:10:12.787Z] <<< [apiv2][body] GET https://cloudfunctions.googleapis.com/v1/operations/bXktd2ViLXNpdGUtMjdhMTUvdXMtY2VudHJhbDEvZ2V0U0NTdHJlYW0vZXVRUHh5clJNVFE {"name":"operations/bXktd2ViLXNpdGUtMjdhMTUvdXMtY2VudHJhbDEvZ2V0U0NTdHJlYW0vZXVRUHh5clJNVFE","metadata":{"@type":"type.googleapis.com/google.cloud.functions.v1.OperationMetadataV1","target":"projects/my-web-site-27a15/locations/us-central1/functions/getSCStream","type":"UPDATE_FUNCTION","request":{"@type":"type.googleapis.com/google.cloud.functions.v1.CloudFunction","name":"projects/my-web-site-27a15/locations/us-central1/functions/getSCStream","httpsTrigger":{"url":"https://us-central1-my-web-site-27a15.cloudfunctions.net/getSCStream","securityLevel":"SECURE_ALWAYS"},"status":"ACTIVE","entryPoint":"getSCStream","timeout":"60s","availableMemoryMb":256,"serviceAccountEmail":"my-web-site-27a15@appspot.gserviceaccount.com","updateTime":"2022-08-14T18:58:08.253Z","versionId":"8","labels":{"deployment-tool":"cli-firebase"},"sourceUploadUrl":"https://storage.googleapis.com/uploads-684746908629.us-central1.cloudfunctions.appspot.com/278fdfff-df26-4735-936c-810c656feea4.zip?GoogleAccessId=service-457664227137@gcf-admin-robot.iam.gserviceaccount.com&Expires=1660506010&Signature=XuKf6Dh%2Bn4PdAYPO7spiQDC7Y5%2BQGdWT3UnXWSZ4V8Valn1TgO0TbvpynsKbTIrIPH5L75wJwU3NHOOLaFueu4P1W%2BNTkKmgF2wNI1hBDkRhCjNUzHUNagp49b6%2Bv8puf2DrQUEo8nz%2FrQs7oX7OVRXtNvIJA%2FNhhHqgWj%2FP25dAw2iRYsPZwATBeo7R69cOzw0gENsWXzIjClmSJtGH5mDLIGIKLzsy%2FuanZ0urLTN4T6aZbUzLb%2FBWLgr3X%2FSDu3tZiD5hQcBkgOx44dLQ%2FkvvdkRLWngtCIbMMJJJ7zDsnL3SYp%2F%2BcA4poPUzFoSIaTXPb%2FVUbrSZ5FcuhLyvQw%3D%3D","environmentVariables":{"FIREBASE_CONFIG":"{\"projectId\":\"my-web-site-27a15\",\"storageBucket\":\"my-web-site-27a15.appspot.com\",\"locationId\":\"us-central\"}","GCLOUD_PROJECT":"my-web-site-27a15"},"runtime":"nodejs16","ingressSettings":"ALLOW_ALL","buildId":"2d0f3c8a-0414-443e-a57e-72937bfb0741","buildName":"projects/457664227137/locations/us-central1/builds/2d0f3c8a-0414-443e-a57e-72937bfb0741","dockerRegistry":"ARTIFACT_REGISTRY"},"versionId":"9","updateTime":"2022-08-14T19:10:11Z","buildId":"fb78d4c5-2677-4766-82d4-d677c340d30f","buildName":"projects/457664227137/locations/us-central1/builds/fb78d4c5-2677-4766-82d4-d677c340d30f"}}
[debug] [2022-08-14T19:10:14.790Z] [update-default-us-central1-getSCStream] Retrying task index 0
[debug] [2022-08-14T19:10:14.790Z] >>> [apiv2][query] GET https://cloudfunctions.googleapis.com/v1/operations/bXktd2ViLXNpdGUtMjdhMTUvdXMtY2VudHJhbDEvZ2V0U0NTdHJlYW0vZXVRUHh5clJNVFE [none]
[debug] [2022-08-14T19:10:14.955Z] <<< [apiv2][status] GET https://cloudfunctions.googleapis.com/v1/operations/bXktd2ViLXNpdGUtMjdhMTUvdXMtY2VudHJhbDEvZ2V0U0NTdHJlYW0vZXVRUHh5clJNVFE 200
[debug] [2022-08-14T19:10:14.956Z] <<< [apiv2][body] GET https://cloudfunctions.googleapis.com/v1/operations/bXktd2ViLXNpdGUtMjdhMTUvdXMtY2VudHJhbDEvZ2V0U0NTdHJlYW0vZXVRUHh5clJNVFE {"name":"operations/bXktd2ViLXNpdGUtMjdhMTUvdXMtY2VudHJhbDEvZ2V0U0NTdHJlYW0vZXVRUHh5clJNVFE","metadata":{"@type":"type.googleapis.com/google.cloud.functions.v1.OperationMetadataV1","target":"projects/my-web-site-27a15/locations/us-central1/functions/getSCStream","type":"UPDATE_FUNCTION","request":{"@type":"type.googleapis.com/google.cloud.functions.v1.CloudFunction","name":"projects/my-web-site-27a15/locations/us-central1/functions/getSCStream","httpsTrigger":{"url":"https://us-central1-my-web-site-27a15.cloudfunctions.net/getSCStream","securityLevel":"SECURE_ALWAYS"},"status":"ACTIVE","entryPoint":"getSCStream","timeout":"60s","availableMemoryMb":256,"serviceAccountEmail":"my-web-site-27a15@appspot.gserviceaccount.com","updateTime":"2022-08-14T18:58:08.253Z","versionId":"8","labels":{"deployment-tool":"cli-firebase"},"sourceUploadUrl":"https://storage.googleapis.com/uploads-684746908629.us-central1.cloudfunctions.appspot.com/278fdfff-df26-4735-936c-810c656feea4.zip?GoogleAccessId=service-457664227137@gcf-admin-robot.iam.gserviceaccount.com&Expires=1660506010&Signature=XuKf6Dh%2Bn4PdAYPO7spiQDC7Y5%2BQGdWT3UnXWSZ4V8Valn1TgO0TbvpynsKbTIrIPH5L75wJwU3NHOOLaFueu4P1W%2BNTkKmgF2wNI1hBDkRhCjNUzHUNagp49b6%2Bv8puf2DrQUEo8nz%2FrQs7oX7OVRXtNvIJA%2FNhhHqgWj%2FP25dAw2iRYsPZwATBeo7R69cOzw0gENsWXzIjClmSJtGH5mDLIGIKLzsy%2FuanZ0urLTN4T6aZbUzLb%2FBWLgr3X%2FSDu3tZiD5hQcBkgOx44dLQ%2FkvvdkRLWngtCIbMMJJJ7zDsnL3SYp%2F%2BcA4poPUzFoSIaTXPb%2FVUbrSZ5FcuhLyvQw%3D%3D","environmentVariables":{"FIREBASE_CONFIG":"{\"projectId\":\"my-web-site-27a15\",\"storageBucket\":\"my-web-site-27a15.appspot.com\",\"locationId\":\"us-central\"}","GCLOUD_PROJECT":"my-web-site-27a15"},"runtime":"nodejs16","ingressSettings":"ALLOW_ALL","buildId":"2d0f3c8a-0414-443e-a57e-72937bfb0741","buildName":"projects/457664227137/locations/us-central1/builds/2d0f3c8a-0414-443e-a57e-72937bfb0741","dockerRegistry":"ARTIFACT_REGISTRY"},"versionId":"9","updateTime":"2022-08-14T19:10:11Z","buildId":"fb78d4c5-2677-4766-82d4-d677c340d30f","buildName":"projects/457664227137/locations/us-central1/builds/fb78d4c5-2677-4766-82d4-d677c340d30f"}}
[debug] [2022-08-14T19:10:18.957Z] [update-default-us-central1-getSCStream] Retrying task index 0
[debug] [2022-08-14T19:10:18.958Z] >>> [apiv2][query] GET https://cloudfunctions.googleapis.com/v1/operations/bXktd2ViLXNpdGUtMjdhMTUvdXMtY2VudHJhbDEvZ2V0U0NTdHJlYW0vZXVRUHh5clJNVFE [none]
